<?xml version="1.0" encoding="UTF-8"?>
<!-- Generated by org.testng.reporters.JUnitXMLReporter -->
<testsuite ignored="0" hostname="DESKTOP-V7PNRA7" failures="0" tests="8" name="Default test" time="23.773" errors="0" timestamp="2023-06-14T00:41:46 CST">
  <testcase classname="tests.TC12_AddToTheCart" name="S001_MainPage" time="3.067"/>
  <testcase classname="tests.TC12_AddToTheCart" name="S002_ProductsClick" time="3.381"/>
  <testcase classname="tests.TC12_AddToTheCart" name="S003_AddToTheCart" time="2.199"/>
  <testcase classname="tests.TC12_AddToTheCart" name="S004_ContinueShopping" time="0.168"/>
  <testcase classname="tests.TC12_AddToTheCart" name="S005_AddToTheCart2" time="0.723"/>
  <testcase classname="tests.TC12_AddToTheCart" name="S006_ViewCart" time="1.432"/>
  <testcase classname="tests.TC12_AddToTheCart" name="S007_VerifyItems" time="0.047"/>
  <testcase classname="tests.TC12_AddToTheCart" name="S008_VerifyNewPrice" time="0.19"/>
</testsuite> <!-- Default test -->
