<?xml version="1.0" encoding="UTF-8"?>
<!-- Generated by org.testng.reporters.JUnitXMLReporter -->
<testsuite ignored="0" hostname="DESKTOP-V7PNRA7" failures="0" tests="3" name="Default test" time="30.238" errors="0" timestamp="2023-06-14T16:17:22 CST">
  <testcase classname="tests.TC26_ScrollDownAndUp" name="S001_MainPage" time="8.323"/>
  <testcase classname="tests.TC26_ScrollDownAndUp" name="S002_SuscriptionDisplay" time="2.295"/>
  <testcase classname="tests.TC26_ScrollDownAndUp" name="S003_UpPage" time="0.151"/>
</testsuite> <!-- Default test -->
