<?xml version="1.0" encoding="UTF-8"?>
<!-- Generated by org.testng.reporters.JUnitXMLReporter -->
<testsuite ignored="0" hostname="DESKTOP-V7PNRA7" failures="0" tests="5" name="Test21" time="16.354" errors="0" timestamp="2023-06-14T17:19:18 CST">
  <testcase classname="tests.TC21_AddAReview" name="S001_MainPage" time="3.528"/>
  <testcase classname="tests.TC21_AddAReview" name="S002_ProductsClick" time="2.82"/>
  <testcase classname="tests.TC21_AddAReview" name="S003_SeeMore" time="2.135"/>
  <testcase classname="tests.TC21_AddAReview" name="S004_CheckReviewForm" time="0.088"/>
  <testcase classname="tests.TC21_AddAReview" name="S005_AddReview" time="0.542"/>
</testsuite> <!-- Test21 -->
