<?xml version="1.0" encoding="UTF-8"?>
<!-- Generated by org.testng.reporters.JUnitXMLReporter -->
<testsuite ignored="0" hostname="DESKTOP-V7PNRA7" failures="0" tests="3" name="Test26" time="9.229" errors="0" timestamp="2023-06-13T15:41:00 CST">
  <testcase classname="tests.TC26_ScrollDownAndUp" name="S001_MainPage" time="2.815"/>
  <testcase classname="tests.TC26_ScrollDownAndUp" name="S002_SuscriptionDisplay" time="0.154"/>
  <testcase classname="tests.TC26_ScrollDownAndUp" name="S003_UpPage" time="0.126"/>
</testsuite> <!-- Test26 -->
