<?xml version="1.0" encoding="UTF-8"?>
<!-- Generated by org.testng.reporters.JUnitXMLReporter -->
<testsuite ignored="0" hostname="DESKTOP-V7PNRA7" failures="0" tests="7" name="Test5" time="45.036" errors="0" timestamp="2023-06-14T17:11:57 CST">
  <testcase classname="tests.TC05_RegisterUserWithAnExistingEmail" name="S001_GoWebpage" time="8.72"/>
  <testcase classname="tests.TC05_RegisterUserWithAnExistingEmail" name="S002_CreateUser" time="8.786"/>
  <testcase classname="tests.TC05_RegisterUserWithAnExistingEmail" name="S003_LoginName" time="6.469"/>
  <testcase classname="tests.TC05_RegisterUserWithAnExistingEmail" name="S004_Logout" time="3.566"/>
  <testcase classname="tests.TC05_RegisterUserWithAnExistingEmail" name="S005_GoHome" time="3.32"/>
  <testcase classname="tests.TC05_RegisterUserWithAnExistingEmail" name="S006_GoLogin" time="3.227"/>
  <testcase classname="tests.TC05_RegisterUserWithAnExistingEmail" name="S007_LoginAfterCreateUser" time="3.862"/>
</testsuite> <!-- Test5 -->
