<?xml version="1.0" encoding="UTF-8"?>
<!-- Generated by org.testng.reporters.JUnitXMLReporter -->
<testsuite ignored="0" hostname="DESKTOP-V7PNRA7" failures="0" tests="9" name="Test4" time="29.995" errors="0" timestamp="2023-06-14T12:19:43 CST">
  <testcase classname="tests.TC04_LogoutUser" name="S001_GoWebpage" time="3.047"/>
  <testcase classname="tests.TC04_LogoutUser" name="S002_CreateUser" time="8.829"/>
  <testcase classname="tests.TC04_LogoutUser" name="S003_LoginName" time="2.208"/>
  <testcase classname="tests.TC04_LogoutUser" name="S004_Logout" time="1.958"/>
  <testcase classname="tests.TC04_LogoutUser" name="S005_GoHome" time="2.487"/>
  <testcase classname="tests.TC04_LogoutUser" name="S006_GoLogin" time="1.403"/>
  <testcase classname="tests.TC04_LogoutUser" name="S007_TypeEmail" time="2.29"/>
  <testcase classname="tests.TC04_LogoutUser" name="S008_LoginName" time="0.031"/>
  <testcase classname="tests.TC04_LogoutUser" name="S009_Logout" time="1.254"/>
</testsuite> <!-- Test4 -->
