<?xml version="1.0" encoding="UTF-8"?>
<!-- Generated by org.testng.reporters.JUnitXMLReporter -->
<testsuite ignored="0" hostname="DESKTOP-V7PNRA7" failures="0" tests="9" name="Test2" time="35.828" errors="0" timestamp="2023-06-14T00:43:26 CST">
  <testcase classname="tests.TC02_LoginUser" name="S001_GoWebpage" time="3.275"/>
  <testcase classname="tests.TC02_LoginUser" name="S002_CreateUser" time="12.8"/>
  <testcase classname="tests.TC02_LoginUser" name="S003_LoginName" time="2.715"/>
  <testcase classname="tests.TC02_LoginUser" name="S004_Logout" time="2.135"/>
  <testcase classname="tests.TC02_LoginUser" name="S005_GoHome" time="1.496"/>
  <testcase classname="tests.TC02_LoginUser" name="S006_GoLogin" time="1.548"/>
  <testcase classname="tests.TC02_LoginUser" name="S007_TypeEmail" time="2.632"/>
  <testcase classname="tests.TC02_LoginUser" name="S008_LoginName" time="0.356"/>
  <testcase classname="tests.TC02_LoginUser" name="S009_DeleteAccount" time="1.759"/>
</testsuite> <!-- Test2 -->
