<?xml version="1.0" encoding="UTF-8"?>
<!-- Generated by org.testng.reporters.JUnitXMLReporter -->
<testsuite ignored="0" hostname="DESKTOP-V7PNRA7" failures="0" tests="3" name="Test26" time="10.268" errors="0" timestamp="2023-06-14T12:38:29 CST">
  <testcase classname="tests.TC26_ScrollDownAndUp" name="S001_MainPage" time="4.041"/>
  <testcase classname="tests.TC26_ScrollDownAndUp" name="S002_SuscriptionDisplay" time="0.121"/>
  <testcase classname="tests.TC26_ScrollDownAndUp" name="S003_UpPage" time="0.06"/>
</testsuite> <!-- Test26 -->
