<?xml version="1.0" encoding="UTF-8"?>
<!-- Generated by org.testng.reporters.JUnitXMLReporter -->
<testsuite ignored="0" hostname="DESKTOP-V7PNRA7" failures="0" tests="19" name="Test14" time="68.14" errors="0" timestamp="2023-06-14T00:49:39 CST">
  <testcase classname="tests.TC14_PlaceOrderWhileRigisterCheckout" name="S001_GoWebpage" time="3.733"/>
  <testcase classname="tests.TC14_PlaceOrderWhileRigisterCheckout" name="S002_CreateUser" time="10.349"/>
  <testcase classname="tests.TC14_PlaceOrderWhileRigisterCheckout" name="S003_LoginName" time="3.276"/>
  <testcase classname="tests.TC14_PlaceOrderWhileRigisterCheckout" name="S004_Logout" time="1.956"/>
  <testcase classname="tests.TC14_PlaceOrderWhileRigisterCheckout" name="S002_ProductsClick" time="10.225"/>
  <testcase classname="tests.TC14_PlaceOrderWhileRigisterCheckout" name="S003_AddToTheCart" time="5.38"/>
  <testcase classname="tests.TC14_PlaceOrderWhileRigisterCheckout" name="S004_ContinueShopping" time="0.294"/>
  <testcase classname="tests.TC14_PlaceOrderWhileRigisterCheckout" name="S005_AddToTheCart2" time="1.083"/>
  <testcase classname="tests.TC14_PlaceOrderWhileRigisterCheckout" name="S006_ViewCart" time="3.686"/>
  <testcase classname="tests.TC14_PlaceOrderWhileRigisterCheckout" name="S007_VerifyItems" time="0.574"/>
  <testcase classname="tests.TC14_PlaceOrderWhileRigisterCheckout" name="S008_Summary" time="2.733"/>
  <testcase classname="tests.TC14_PlaceOrderWhileRigisterCheckout" name="S012_Summary" time="5.054"/>
  <testcase classname="tests.TC14_PlaceOrderWhileRigisterCheckout" name="S013_ViewCartAfterLogin" time="1.973"/>
  <testcase classname="tests.TC14_PlaceOrderWhileRigisterCheckout" name="S014_VerifyItemsAfterLogin" time="0.041"/>
  <testcase classname="tests.TC14_PlaceOrderWhileRigisterCheckout" name="S015_CartResume" time="1.695"/>
  <testcase classname="tests.TC14_PlaceOrderWhileRigisterCheckout" name="S015_VerifyTotal" time="0.253"/>
  <testcase classname="tests.TC14_PlaceOrderWhileRigisterCheckout" name="S010_Comment" time="2.067"/>
  <testcase classname="tests.TC14_PlaceOrderWhileRigisterCheckout" name="S011_ProcedToOrderComplete" time="4.9"/>
  <testcase classname="tests.TC14_PlaceOrderWhileRigisterCheckout" name="S021_DeleteAccount" time="1.824"/>
</testsuite> <!-- Test14 -->
