<?xml version="1.0" encoding="UTF-8"?>
<!-- Generated by org.testng.reporters.JUnitXMLReporter -->
<testsuite ignored="0" hostname="DESKTOP-V7PNRA7" failures="0" tests="17" name="Test16" time="72.815" errors="0" timestamp="2023-06-14T00:51:53 CST">
  <testcase classname="tests.TC16_PlaceOrderJustLogin" name="S001_GoWebpage" time="4.08"/>
  <testcase classname="tests.TC16_PlaceOrderJustLogin" name="S002_CreateUser" time="12.332"/>
  <testcase classname="tests.TC16_PlaceOrderJustLogin" name="S004_Logout" time="8.978"/>
  <testcase classname="tests.TC16_PlaceOrderJustLogin" name="S006_GoLogin" time="2.269"/>
  <testcase classname="tests.TC16_PlaceOrderJustLogin" name="S007_TypeEmail" time="7.089"/>
  <testcase classname="tests.TC16_PlaceOrderJustLogin" name="S008_LoginName" time="1.584"/>
  <testcase classname="tests.TC16_PlaceOrderJustLogin" name="S007_ProductsClick" time="7.404"/>
  <testcase classname="tests.TC16_PlaceOrderJustLogin" name="S003_AddToTheCart" time="2.623"/>
  <testcase classname="tests.TC16_PlaceOrderJustLogin" name="S004_ContinueShopping" time="0.113"/>
  <testcase classname="tests.TC16_PlaceOrderJustLogin" name="S005_AddToTheCart2" time="0.741"/>
  <testcase classname="tests.TC16_PlaceOrderJustLogin" name="S006_ViewCart" time="1.972"/>
  <testcase classname="tests.TC16_PlaceOrderJustLogin" name="S007_VerifyItems" time="0.053"/>
  <testcase classname="tests.TC16_PlaceOrderJustLogin" name="S008_Summary" time="1.978"/>
  <testcase classname="tests.TC16_PlaceOrderJustLogin" name="S008_VerifyTotal" time="0.186"/>
  <testcase classname="tests.TC16_PlaceOrderJustLogin" name="S010_Comment" time="2.508"/>
  <testcase classname="tests.TC16_PlaceOrderJustLogin" name="S011_ProcedToOrderComplete" time="4.891"/>
  <testcase classname="tests.TC16_PlaceOrderJustLogin" name="S021_DeleteAccount" time="5.549"/>
</testsuite> <!-- Test16 -->
