<?xml version="1.0" encoding="UTF-8"?>
<!-- Generated by org.testng.reporters.JUnitXMLReporter -->
<testsuite ignored="0" hostname="DESKTOP-V7PNRA7" failures="0" tests="5" name="Test22" time="10.205" errors="0" timestamp="2023-06-14T12:35:52 CST">
  <testcase classname="tests.TC22_RecomendenItems" name="S001_MainPage" time="2.973"/>
  <testcase classname="tests.TC22_RecomendenItems" name="S002_ListDisplay" time="0.14"/>
  <testcase classname="tests.TC22_RecomendenItems" name="S003_AddToTheCart" time="0.661"/>
  <testcase classname="tests.TC22_RecomendenItems" name="S006_ViewCart" time="1.709"/>
  <testcase classname="tests.TC22_RecomendenItems" name="S007_VerifyItems" time="0.023"/>
</testsuite> <!-- Test22 -->
