<?xml version="1.0" encoding="UTF-8"?>
<!-- Generated by org.testng.reporters.JUnitXMLReporter -->
<testsuite ignored="0" hostname="DESKTOP-V7PNRA7" failures="0" tests="7" name="Test13" time="31.749" errors="0" timestamp="2023-06-14T17:14:53 CST">
  <testcase classname="tests.TC13_VerifyProductQuantity" name="S001_MainPage" time="2.37"/>
  <testcase classname="tests.TC13_VerifyProductQuantity" name="S002_ProductsClick" time="6.843"/>
  <testcase classname="tests.TC13_VerifyProductQuantity" name="S003_SeeMore" time="9.501"/>
  <testcase classname="tests.TC13_VerifyProductQuantity" name="S004_SelectTshirt" time="1.03"/>
  <testcase classname="tests.TC13_VerifyProductQuantity" name="S005_ViewCart" time="2.118"/>
  <testcase classname="tests.TC13_VerifyProductQuantity" name="S006_VerifyItems" time="0.029"/>
  <testcase classname="tests.TC13_VerifyProductQuantity" name="S006_VerifyQuantity" time="0.041"/>
</testsuite> <!-- Test13 -->
