<?xml version="1.0" encoding="UTF-8"?>
<!-- Generated by org.testng.reporters.JUnitXMLReporter -->
<testsuite ignored="0" hostname="DESKTOP-V7PNRA7" failures="0" tests="8" name="Test12" time="18.554" errors="0" timestamp="2023-06-13T15:32:30 CST">
  <testcase classname="tests.TC12_AddToTheCart" name="S001_MainPage" time="2.831"/>
  <testcase classname="tests.TC12_AddToTheCart" name="S002_ProductsClick" time="3.243"/>
  <testcase classname="tests.TC12_AddToTheCart" name="S003_AddToTheCart" time="2.142"/>
  <testcase classname="tests.TC12_AddToTheCart" name="S004_ContinueShopping" time="0.161"/>
  <testcase classname="tests.TC12_AddToTheCart" name="S005_AddToTheCart2" time="0.664"/>
  <testcase classname="tests.TC12_AddToTheCart" name="S006_ViewCart" time="1.237"/>
  <testcase classname="tests.TC12_AddToTheCart" name="S007_VerifyItems" time="0.056"/>
  <testcase classname="tests.TC12_AddToTheCart" name="S008_VerifyNewPrice" time="0.137"/>
</testsuite> <!-- Test12 -->
