<?xml version="1.0" encoding="UTF-8"?>
<!-- Generated by org.testng.reporters.JUnitXMLReporter -->
<testsuite ignored="0" hostname="DESKTOP-V7PNRA7" failures="0" tests="14" name="Test20" time="65.812" errors="0" timestamp="2023-06-14T00:54:01 CST">
  <testcase classname="tests.TC20_SearchProductsandVerifyCart" name="S001_MainPage" time="3.112"/>
  <testcase classname="tests.TC20_SearchProductsandVerifyCart" name="S002_CreateUser" time="12.542"/>
  <testcase classname="tests.TC20_SearchProductsandVerifyCart" name="S003_LoginName" time="6.196"/>
  <testcase classname="tests.TC20_SearchProductsandVerifyCart" name="S004_Logout" time="6.093"/>
  <testcase classname="tests.TC20_SearchProductsandVerifyCart" name="S005_ProductsClick" time="13.056"/>
  <testcase classname="tests.TC20_SearchProductsandVerifyCart" name="S006_SearchItemDisplayed" time="0.035"/>
  <testcase classname="tests.TC20_SearchProductsandVerifyCart" name="S007_SearchItem" time="4.399"/>
  <testcase classname="tests.TC20_SearchProductsandVerifyCart" name="S008_AddToTheCart" time="0.737"/>
  <testcase classname="tests.TC20_SearchProductsandVerifyCart" name="S009_ViewCart" time="1.969"/>
  <testcase classname="tests.TC20_SearchProductsandVerifyCart" name="S010_VerifyItems" time="0.019"/>
  <testcase classname="tests.TC20_SearchProductsandVerifyCart" name="S011_GoLogin" time="3.838"/>
  <testcase classname="tests.TC20_SearchProductsandVerifyCart" name="S012_Summary" time="2.866"/>
  <testcase classname="tests.TC20_SearchProductsandVerifyCart" name="S013_ViewCartAfterLogin" time="0.971"/>
  <testcase classname="tests.TC20_SearchProductsandVerifyCart" name="S014_VerifyItemsAfterLogin" time="2.278"/>
</testsuite> <!-- Test20 -->
