<?xml version="1.0" encoding="UTF-8"?>
<!-- Generated by org.testng.reporters.JUnitXMLReporter -->
<testsuite ignored="0" hostname="DESKTOP-V7PNRA7" failures="0" tests="14" name="Test15" time="42.217" errors="0" timestamp="2023-06-14T17:16:32 CST">
  <testcase classname="tests.TC15_PlaceOrderAlreadyRegister" name="S001_GoWebpage" time="4.024"/>
  <testcase classname="tests.TC15_PlaceOrderAlreadyRegister" name="S002_CreateUser" time="9.7"/>
  <testcase classname="tests.TC15_PlaceOrderAlreadyRegister" name="S003_LoginName" time="2.445"/>
  <testcase classname="tests.TC15_PlaceOrderAlreadyRegister" name="S004_ProductsClick" time="4.345"/>
  <testcase classname="tests.TC15_PlaceOrderAlreadyRegister" name="S005_AddToTheCart" time="1.344"/>
  <testcase classname="tests.TC15_PlaceOrderAlreadyRegister" name="S006_ContinueShopping" time="0.11"/>
  <testcase classname="tests.TC15_PlaceOrderAlreadyRegister" name="S007_AddToTheCart2" time="0.696"/>
  <testcase classname="tests.TC15_PlaceOrderAlreadyRegister" name="S008_ViewCart" time="1.305"/>
  <testcase classname="tests.TC15_PlaceOrderAlreadyRegister" name="S009_VerifyItems" time="0.067"/>
  <testcase classname="tests.TC15_PlaceOrderAlreadyRegister" name="S010_Summary" time="2.024"/>
  <testcase classname="tests.TC15_PlaceOrderAlreadyRegister" name="S011_VerifyTotal" time="0.391"/>
  <testcase classname="tests.TC15_PlaceOrderAlreadyRegister" name="S012_Comment" time="1.912"/>
  <testcase classname="tests.TC15_PlaceOrderAlreadyRegister" name="S013_ProcedToOrderComplete" time="3.623"/>
  <testcase classname="tests.TC15_PlaceOrderAlreadyRegister" name="S014_DeleteAccount" time="2.266"/>
</testsuite> <!-- Test15 -->
