<?xml version="1.0" encoding="UTF-8"?>
<!-- Generated by org.testng.reporters.JUnitXMLReporter -->
<testsuite ignored="0" hostname="DESKTOP-V7PNRA7" failures="0" tests="6" name="Test10" time="44.158" errors="0" timestamp="2023-06-14T00:47:13 CST">
  <testcase classname="tests.TC10_VerifySubscription" name="S001_GoWebpage" time="4.067"/>
  <testcase classname="tests.TC10_VerifySubscription" name="S002_CreateUser" time="12.735"/>
  <testcase classname="tests.TC10_VerifySubscription" name="S003_LoginName" time="2.621"/>
  <testcase classname="tests.TC10_VerifySubscription" name="S004_Logout" time="8.964"/>
  <testcase classname="tests.TC10_VerifySubscription" name="S005_GoHome" time="8.067"/>
  <testcase classname="tests.TC10_VerifySubscription" name="S006_CheckSubscription" time="0.43"/>
</testsuite> <!-- Test10 -->
