<?xml version="1.0" encoding="UTF-8"?>
<!-- Generated by org.testng.reporters.JUnitXMLReporter -->
<testsuite ignored="0" hostname="DESKTOP-V7PNRA7" failures="0" tests="23" name="Test1" time="31.415" errors="0" timestamp="2023-06-14T17:09:45 CST">
  <testcase classname="tests.TC01_RegisterUser" name="S001_MainPage" time="3.798"/>
  <testcase classname="tests.TC01_RegisterUser" name="S002_LogInClick" time="2.077"/>
  <testcase classname="tests.TC01_RegisterUser" name="S003_EnterEmailAdress" time="2.533"/>
  <testcase classname="tests.TC01_RegisterUser" name="S004_GenderSelection" time="0.4"/>
  <testcase classname="tests.TC01_RegisterUser" name="S005_EmailValidation" time="0.062"/>
  <testcase classname="tests.TC01_RegisterUser" name="S006_Password" time="0.128"/>
  <testcase classname="tests.TC01_RegisterUser" name="S007_BirthDateSelection" time="0.647"/>
  <testcase classname="tests.TC01_RegisterUser" name="S008_SubscriptionNewsletter" time="0.073"/>
  <testcase classname="tests.TC01_RegisterUser" name="S009_SelectOffers" time="0.114"/>
  <testcase classname="tests.TC01_RegisterUser" name="S010_NameValidation" time="0.166"/>
  <testcase classname="tests.TC01_RegisterUser" name="S011_LastNameVaidation" time="0.149"/>
  <testcase classname="tests.TC01_RegisterUser" name="S012_NameAndLastnameValidation" time="0.089"/>
  <testcase classname="tests.TC01_RegisterUser" name="S013_CompanyValidation" time="0.171"/>
  <testcase classname="tests.TC01_RegisterUser" name="S014_AdrressValidation" time="0.179"/>
  <testcase classname="tests.TC01_RegisterUser" name="S015_SecondAddressValidation" time="0.171"/>
  <testcase classname="tests.TC01_RegisterUser" name="S016_CountrySelection" time="0.174"/>
  <testcase classname="tests.TC01_RegisterUser" name="S017_StateSelection" time="0.154"/>
  <testcase classname="tests.TC01_RegisterUser" name="S018_CityValidation" time="0.177"/>
  <testcase classname="tests.TC01_RegisterUser" name="S019_ZIPValidation" time="0.157"/>
  <testcase classname="tests.TC01_RegisterUser" name="S020_MobileNumberValidation" time="0.154"/>
  <testcase classname="tests.TC01_RegisterUser" name="S021_ClickOnRegister" time="2.933"/>
  <testcase classname="tests.TC01_RegisterUser" name="S022_LoginName" time="1.789"/>
  <testcase classname="tests.TC01_RegisterUser" name="S023_DeleteAccount" time="1.715"/>
</testsuite> <!-- Test1 -->
