<?xml version="1.0" encoding="UTF-8"?>
<!-- Generated by org.testng.reporters.JUnitXMLReporter -->
<testsuite ignored="0" hostname="DESKTOP-V7PNRA7" failures="0" tests="3" name="Test3" time="15.761" errors="0" timestamp="2023-06-14T12:19:13 CST">
  <testcase classname="tests.TC03_LoginIncorrectUser" name="S001_MainPage" time="2.721"/>
  <testcase classname="tests.TC03_LoginIncorrectUser" name="S002_LogInClick" time="1.72"/>
  <testcase classname="tests.TC03_LoginIncorrectUser" name="S003_TypeEmail" time="4.474"/>
</testsuite> <!-- Test3 -->
