<?xml version="1.0" encoding="UTF-8"?>
<!-- Generated by org.testng.reporters.JUnitXMLReporter -->
<testsuite ignored="0" hostname="DESKTOP-V7PNRA7" failures="0" tests="6" name="Test10" time="26.853" errors="0" timestamp="2023-06-14T17:13:31 CST">
  <testcase classname="tests.TC10_VerifySubscription" name="S001_GoWebpage" time="2.601"/>
  <testcase classname="tests.TC10_VerifySubscription" name="S002_CreateUser" time="9.723"/>
  <testcase classname="tests.TC10_VerifySubscription" name="S003_LoginName" time="2.41"/>
  <testcase classname="tests.TC10_VerifySubscription" name="S004_Logout" time="1.929"/>
  <testcase classname="tests.TC10_VerifySubscription" name="S005_GoHome" time="2.091"/>
  <testcase classname="tests.TC10_VerifySubscription" name="S006_CheckSubscription" time="0.984"/>
</testsuite> <!-- Test10 -->
