<?xml version="1.0" encoding="UTF-8"?>
<!-- Generated by org.testng.reporters.JUnitXMLReporter -->
<testsuite ignored="0" hostname="DESKTOP-V7PNRA7" failures="0" tests="7" name="Test13" time="30.634" errors="0" timestamp="2023-06-13T15:33:01 CST">
  <testcase classname="tests.TC13_VerifyProductQuantity" name="S001_MainPage" time="1.959"/>
  <testcase classname="tests.TC13_VerifyProductQuantity" name="S002_ProductsClick" time="6.049"/>
  <testcase classname="tests.TC13_VerifyProductQuantity" name="S003_SeeMore" time="10.62"/>
  <testcase classname="tests.TC13_VerifyProductQuantity" name="S004_SelectTshirt" time="1.669"/>
  <testcase classname="tests.TC13_VerifyProductQuantity" name="S005_ViewCart" time="3.269"/>
  <testcase classname="tests.TC13_VerifyProductQuantity" name="S006_VerifyItems" time="0.02"/>
  <testcase classname="tests.TC13_VerifyProductQuantity" name="S006_VerifyQuantity" time="0.027"/>
</testsuite> <!-- Test13 -->
