<?xml version="1.0" encoding="UTF-8"?>
<testng-results ignored="0" total="16" passed="16" failed="0" skipped="0">
  <reporter-output>
    <line>
      <![CDATA[The webpage loads correctly<br>]]>
    </line>
    <line>
      <![CDATA[The Products page loads correctly<br>]]>
    </line>
    <line>
      <![CDATA[Item Added Correctly  <br>]]>
    </line>
    <line>
      <![CDATA[Continue Shopping  <br>]]>
    </line>
    <line>
      <![CDATA[Item Added Correctly  <br>]]>
    </line>
    <line>
      <![CDATA[Summary page displayed <br>]]>
    </line>
    <line>
      <![CDATA[Redirect to the account login <br>]]>
    </line>
    <line>
      <![CDATA[The account is created<br>]]>
    </line>
    <line>
      <![CDATA[The name is showed<br>]]>
    </line>
    <line>
      <![CDATA[Summary page displayed <br>]]>
    </line>
    <line>
      <![CDATA[address page displayed <br>]]>
    </line>
    <line>
      <![CDATA[shipping page displayed and terms accepted <br>]]>
    </line>
    <line>
      <![CDATA[payment added correctly <br>]]>
    </line>
    <line>
      <![CDATA[The account is deleted<br>]]>
    </line>
  </reporter-output>
  <suite started-at="2023-06-14T13:45:00 CST" name="Default suite" finished-at="2023-06-14T13:46:12 CST" duration-ms="71978">
    <groups>
    </groups>
    <test started-at="2023-06-14T13:45:00 CST" name="Default test" finished-at="2023-06-14T13:46:12 CST" duration-ms="71978">
      <class name="tests.TC24_DownloadInvoice">
        <test-method is-config="true" signature="S000_FirstStep()[pri:0, instance:tests.TC24_DownloadInvoice@37d4349f]" started-at="2023-06-14T13:45:00 CST" name="S000_FirstStep" description="Setup the driver" finished-at="2023-06-14T13:45:11 CST" duration-ms="10889" status="PASS">
          <reporter-output>
          </reporter-output>
        </test-method> <!-- S000_FirstStep -->
        <test-method signature="S001_GoWebpage()[pri:1, instance:tests.TC24_DownloadInvoice@37d4349f]" started-at="2023-06-14T13:45:11 CST" name="S001_GoWebpage" description="Go to URL &#039;http://automationpractice.com/index.php&#039;" finished-at="2023-06-14T13:45:15 CST" duration-ms="3422" status="PASS">
          <reporter-output>
            <line>
              <![CDATA[The webpage loads correctly<br>]]>
            </line>
          </reporter-output>
        </test-method> <!-- S001_GoWebpage -->
        <test-method signature="S002_ProductsClick()[pri:2, instance:tests.TC24_DownloadInvoice@37d4349f]" started-at="2023-06-14T13:45:15 CST" name="S002_ProductsClick" description="Click on Products Link" finished-at="2023-06-14T13:45:22 CST" duration-ms="7494" status="PASS">
          <reporter-output>
            <line>
              <![CDATA[The Products page loads correctly<br>]]>
            </line>
          </reporter-output>
        </test-method> <!-- S002_ProductsClick -->
        <test-method signature="S003_AddToTheCart()[pri:3, instance:tests.TC24_DownloadInvoice@37d4349f]" started-at="2023-06-14T13:45:22 CST" name="S003_AddToTheCart" description="Add product to the cart" finished-at="2023-06-14T13:45:23 CST" duration-ms="818" status="PASS">
          <reporter-output>
            <line>
              <![CDATA[Item Added Correctly  <br>]]>
            </line>
          </reporter-output>
        </test-method> <!-- S003_AddToTheCart -->
        <test-method signature="S004_ContinueShopping()[pri:4, instance:tests.TC24_DownloadInvoice@37d4349f]" started-at="2023-06-14T13:45:23 CST" name="S004_ContinueShopping" description="Continue Shopping" finished-at="2023-06-14T13:45:23 CST" duration-ms="289" status="PASS">
          <reporter-output>
            <line>
              <![CDATA[Continue Shopping  <br>]]>
            </line>
          </reporter-output>
        </test-method> <!-- S004_ContinueShopping -->
        <test-method signature="S005_AddToTheCart2()[pri:5, instance:tests.TC24_DownloadInvoice@37d4349f]" started-at="2023-06-14T13:45:23 CST" name="S005_AddToTheCart2" description="Add product to the cart2" finished-at="2023-06-14T13:45:24 CST" duration-ms="686" status="PASS">
          <reporter-output>
            <line>
              <![CDATA[Item Added Correctly  <br>]]>
            </line>
          </reporter-output>
        </test-method> <!-- S005_AddToTheCart2 -->
        <test-method signature="S006_ViewCart()[pri:6, instance:tests.TC24_DownloadInvoice@37d4349f]" started-at="2023-06-14T13:45:24 CST" name="S006_ViewCart" description="View Cart" finished-at="2023-06-14T13:45:26 CST" duration-ms="2399" status="PASS">
          <reporter-output>
            <line>
              <![CDATA[Summary page displayed <br>]]>
            </line>
          </reporter-output>
        </test-method> <!-- S006_ViewCart -->
        <test-method signature="S007_VerifyItems()[pri:7, instance:tests.TC24_DownloadInvoice@37d4349f]" started-at="2023-06-14T13:45:26 CST" name="S007_VerifyItems" description="Verify Items" finished-at="2023-06-14T13:45:26 CST" duration-ms="106" status="PASS">
          <reporter-output>
          </reporter-output>
        </test-method> <!-- S007_VerifyItems -->
        <test-method signature="S008_Summary()[pri:8, instance:tests.TC24_DownloadInvoice@37d4349f]" started-at="2023-06-14T13:45:26 CST" name="S008_Summary" description="Click proceed to checkout Again" finished-at="2023-06-14T13:45:31 CST" duration-ms="4195" status="PASS">
          <reporter-output>
            <line>
              <![CDATA[Redirect to the account login <br>]]>
            </line>
          </reporter-output>
        </test-method> <!-- S008_Summary -->
        <test-method signature="S009_CreateUser()[pri:9, instance:tests.TC24_DownloadInvoice@37d4349f]" started-at="2023-06-14T13:45:31 CST" name="S009_CreateUser" description="Create User" finished-at="2023-06-14T13:45:45 CST" duration-ms="14055" status="PASS">
          <reporter-output>
            <line>
              <![CDATA[The account is created<br>]]>
            </line>
          </reporter-output>
        </test-method> <!-- S009_CreateUser -->
        <test-method signature="S010_LoginName()[pri:10, instance:tests.TC24_DownloadInvoice@37d4349f]" started-at="2023-06-14T13:45:45 CST" name="S010_LoginName" description="Check the login name" finished-at="2023-06-14T13:45:48 CST" duration-ms="3255" status="PASS">
          <reporter-output>
            <line>
              <![CDATA[The name is showed<br>]]>
            </line>
          </reporter-output>
        </test-method> <!-- S010_LoginName -->
        <test-method signature="S011_ViewCart()[pri:11, instance:tests.TC24_DownloadInvoice@37d4349f]" started-at="2023-06-14T13:45:48 CST" name="S011_ViewCart" description="View Cart" finished-at="2023-06-14T13:45:50 CST" duration-ms="1745" status="PASS">
          <reporter-output>
            <line>
              <![CDATA[Summary page displayed <br>]]>
            </line>
          </reporter-output>
        </test-method> <!-- S011_ViewCart -->
        <test-method signature="S012_Summary()[pri:12, instance:tests.TC24_DownloadInvoice@37d4349f]" started-at="2023-06-14T13:45:50 CST" name="S012_Summary" description="Click proceed to checkout Again" finished-at="2023-06-14T13:45:52 CST" duration-ms="1988" status="PASS">
          <reporter-output>
            <line>
              <![CDATA[address page displayed <br>]]>
            </line>
          </reporter-output>
        </test-method> <!-- S012_Summary -->
        <test-method signature="S013_Comment()[pri:13, instance:tests.TC24_DownloadInvoice@37d4349f]" started-at="2023-06-14T13:45:52 CST" name="S013_Comment" description="Proceed to shipping" finished-at="2023-06-14T13:45:56 CST" duration-ms="4207" status="PASS">
          <reporter-output>
            <line>
              <![CDATA[shipping page displayed and terms accepted <br>]]>
            </line>
          </reporter-output>
        </test-method> <!-- S013_Comment -->
        <test-method signature="S014_ProcedToOrderComplete()[pri:14, instance:tests.TC24_DownloadInvoice@37d4349f]" started-at="2023-06-14T13:45:56 CST" name="S014_ProcedToOrderComplete" description="Proceed to complete order" finished-at="2023-06-14T13:46:00 CST" duration-ms="3931" status="PASS">
          <reporter-output>
            <line>
              <![CDATA[payment added correctly <br>]]>
            </line>
          </reporter-output>
        </test-method> <!-- S014_ProcedToOrderComplete -->
        <test-method signature="S015_DownloadInvoice()[pri:15, instance:tests.TC24_DownloadInvoice@37d4349f]" started-at="2023-06-14T13:46:00 CST" name="S015_DownloadInvoice" description="Download Invoice" finished-at="2023-06-14T13:46:05 CST" duration-ms="5340" status="PASS">
          <reporter-output>
          </reporter-output>
        </test-method> <!-- S015_DownloadInvoice -->
        <test-method signature="S016_DeleteAccount()[pri:16, instance:tests.TC24_DownloadInvoice@37d4349f]" started-at="2023-06-14T13:46:05 CST" name="S016_DeleteAccount" description="Delete Account" finished-at="2023-06-14T13:46:09 CST" duration-ms="3827" status="PASS">
          <reporter-output>
            <line>
              <![CDATA[The account is deleted<br>]]>
            </line>
          </reporter-output>
        </test-method> <!-- S016_DeleteAccount -->
        <test-method is-config="true" signature="AfterClass()[pri:0, instance:tests.TC24_DownloadInvoice@37d4349f]" started-at="2023-06-14T13:46:09 CST" name="AfterClass" finished-at="2023-06-14T13:46:12 CST" duration-ms="3211" status="PASS">
          <reporter-output>
          </reporter-output>
        </test-method> <!-- AfterClass -->
      </class> <!-- tests.TC24_DownloadInvoice -->
    </test> <!-- Default test -->
  </suite> <!-- Default suite -->
</testng-results>
